{
  "RSpec": {
    "coverage": {
      "/Users/louiswicks/Projects/Makers/week10/Bank_tech_test/spec/bank_spec.rb": {
        "lines": [
          null,
          null,
          1,
          null,
          1,
          5,
          null,
          1,
          4,
          null,
          null,
          1,
          1,
          null,
          null,
          1,
          1,
          1,
          null,
          null,
          null,
          1,
          1,
          1,
          1,
          null,
          null,
          null,
          1,
          1,
          1,
          1,
          1,
          null,
          null,
          null,
          2,
          null,
          null,
          null
        ]
      },
      "/Users/louiswicks/Projects/Makers/week10/Bank_tech_test/lib/bank.rb": {
        "lines": [
          null,
          null,
          null,
          1,
          1,
          null,
          1,
          4,
          4,
          null,
          null,
          1,
          5,
          5,
          null,
          null,
          1,
          2,
          2,
          null,
          null,
          1,
          1,
          1,
          3,
          null,
          1,
          null,
          null,
          1,
          null,
          1,
          1,
          null,
          null,
          1,
          9,
          null,
          null,
          1,
          5,
          null,
          null,
          1,
          2,
          null,
          null,
          1,
          5,
          null,
          null,
          1,
          2,
          null,
          null
        ]
      }
    },
    "timestamp": 1615329627
  }
}
